2021-03-02 17:01:30
[97m[41m/Users/admin/Desktop/Web-Developement/MOYER AUDIO/2020 Clients/Rose Avenue/_search_engine/python_crawler/og_package/test_files[49m[39m
2021-03-02 17:02:20
[97m[41m/Users/admin/Desktop/Web-Developement/MOYER AUDIO/2020 Clients/Rose Avenue/_search_engine/python_crawler/og_package/test_files[49m[39m
2021-03-02 17:03:14
[97m[41m/Users/admin/Desktop/Web-Developement/MOYER AUDIO/2020 Clients/Rose Avenue/_search_engine/python_crawler/og_package/test_files[49m[39m
table crawled already exists
2021-03-02 17:04:59
[97m[41m/Users/admin/Desktop/Web-Developement/MOYER AUDIO/2020 Clients/Rose Avenue/_search_engine/python_crawler/og_package/test_files[49m[39m
table crawled already exists
2021-03-02 17:06:47
[97m[41m/Users/admin/Desktop/Web-Developement/MOYER AUDIO/2020 Clients/Rose Avenue/_search_engine/python_crawler/og_package/test_files[49m[39m
table crawled already exists
2021-03-02 17:10:47
[97m[41m/Users/admin/Desktop/Web-Developement/MOYER AUDIO/2020 Clients/Rose Avenue/_search_engine/python_crawler/og_package/test_files[49m[39m
table crawled already exists
2021-03-02 17:12:35
[97m[41m/Users/admin/Desktop/Web-Developement/MOYER AUDIO/2020 Clients/Rose Avenue/_search_engine/python_crawler/og_package/test_files[49m[39m
table crawled already exists
2021-03-02 17:13:11
[97m[41m/Users/admin/Desktop/Web-Developement/MOYER AUDIO/2020 Clients/Rose Avenue/_search_engine/python_crawler/og_package/test_files[49m[39m
table crawled already exists
2021-03-02 17:15:28
[97m[41m/Users/admin/Desktop/Web-Developement/MOYER AUDIO/2020 Clients/Rose Avenue/_search_engine/python_crawler/og_package/test_files[49m[39m
table crawled already exists
2021-03-02 17:16:39
[97m[41m/Users/admin/Desktop/Web-Developement/MOYER AUDIO/2020 Clients/Rose Avenue/_search_engine/python_crawler/og_package/test_files[49m[39m
table crawled already exists
SELECT * FROM crawled WHERE path=/Users/admin/Desktop/Web-Developement/MOYER AUDIO/2020 Clients/Rose Avenue/_search_engine/python_crawler/og_package/test_files/avoiding_compromise.html AND mod=1614703244.861477
2021-03-02 17:18:22
[97m[41m/Users/admin/Desktop/Web-Developement/MOYER AUDIO/2020 Clients/Rose Avenue/_search_engine/python_crawler/og_package/test_files[49m[39m
table crawled already exists
2021-03-02 17:18:37
[97m[41m/Users/admin/Desktop/Web-Developement/MOYER AUDIO/2020 Clients/Rose Avenue/_search_engine/python_crawler/og_package/test_files[49m[39m
table crawled already exists
2021-03-02 17:20:21
[97m[41m/Users/admin/Desktop/Web-Developement/MOYER AUDIO/2020 Clients/Rose Avenue/_search_engine/python_crawler/og_package/test_files[49m[39m
table crawled already exists
no such column: None
2021-03-02 17:25:45
[97m[41m/Users/admin/Desktop/Web-Developement/MOYER AUDIO/2020 Clients/Rose Avenue/_search_engine/python_crawler/og_package/test_files[49m[39m
table crawled already exists
table crawled already exists
2021-03-02 17:29:44
[97m[41m/Users/admin/Desktop/Web-Developement/MOYER AUDIO/2020 Clients/Rose Avenue/_search_engine/python_crawler/og_package/test_files[49m[39m
no such column: None
table crawled already exists
2021-03-02 17:32:10
[97m[41m/Users/admin/Desktop/Web-Developement/MOYER AUDIO/2020 Clients/Rose Avenue/_search_engine/python_crawler/og_package/test_files[49m[39m
