2021-02-10 20:17:57
[32mCrawled ./test_files/avoiding_compromise.html in 0.6014 seconds[39m
[32mCrawled ./test_files/subdir02/avoiding_compromise03.htm in 0.3032 seconds[39m
[32mCrawled ./test_files/subdir02/bodily_exercise03.htm in 0.4633 seconds[39m
[32mCrawled ./test_files/faithfulness.htm in 2.0826 seconds[39m
[32mCrawled ./test_files/bodily_exercise.htm in 0.2417 seconds[39m
[32mCrawled ./test_files/commitment.htm in 1.5397 seconds[39m
[33mCrawled 6 files and 3 directories.
Indexed 1876 words.[39m
[32mTotal time: 5.236s[39m
***** end file *****
2021-02-10 20:49:47
[32mCrawled ./test_files/avoiding_compromise.html in 0.5575 seconds[39m
[32mCrawled ./test_files/subdir02/avoiding_compromise03.htm in 0.3139 seconds[39m
[32mCrawled ./test_files/subdir02/bodily_exercise03.htm in 0.4854 seconds[39m
[32mCrawled ./test_files/faithfulness.htm in 2.0363 seconds[39m
[32mCrawled ./test_files/bodily_exercise.htm in 0.2509 seconds[39m
[32mCrawled ./test_files/commitment.htm in 1.9045 seconds[39m
[33mCrawled 6 files and 3 directories.
Indexed 1876 words.[39m
[32mTotal time: 5.553s[39m
*********************************** end file *********************************** 

