2021-02-17 19:40:15
[97m[41m/Users/admin/Desktop/Web-Developement/MOYER AUDIO/2020 Clients/Rose Avenue/_search_engine/python_crawler/package/test_files[49m[39m
True
True
True
True
True
True
True
True
True
True
True
True
True
True
True
True
True
True
True
True
True
True
[32mCrawled /Users/admin/Desktop/Web-Developement/MOYER AUDIO/2020 Clients/Rose Avenue/_search_engine/python_crawler/package/test_files/avoiding_compromise.html in 0.0794 seconds[39m
True
True
True
True
True
True
True
True
True
True
True
True
True
True
True
True
True
True
True
True
True
True
[32mCrawled /Users/admin/Desktop/Web-Developement/MOYER AUDIO/2020 Clients/Rose Avenue/_search_engine/python_crawler/package/test_files/subdir02/avoiding_compromise03.htm in 0.1981 seconds[39m
True
True
True
True
True
True
True
True
True
True
True
True
True
True
True
True
True
True
True
True
True
True
True
True
[32mCrawled /Users/admin/Desktop/Web-Developement/MOYER AUDIO/2020 Clients/Rose Avenue/_search_engine/python_crawler/package/test_files/subdir02/bodily_exercise03.htm in 0.0969 seconds[39m
True
True
True
True
True
True
True
True
True
True
True
True
True
True
True
True
True
True
True
True
True
True
True
True
[32mCrawled /Users/admin/Desktop/Web-Developement/MOYER AUDIO/2020 Clients/Rose Avenue/_search_engine/python_crawler/package/test_files/faithfulness.htm in 0.1688 seconds[39m
True
True
True
True
True
True
True
True
True
True
True
True
True
True
True
True
True
True
True
True
True
True
True
True
[32mCrawled /Users/admin/Desktop/Web-Developement/MOYER AUDIO/2020 Clients/Rose Avenue/_search_engine/python_crawler/package/test_files/bodily_exercise.htm in 0.0935 seconds[39m
True
True
True
True
True
True
True
True
True
True
True
True
True
True
True
True
True
True
True
True
True
True
True
True
[32mCrawled /Users/admin/Desktop/Web-Developement/MOYER AUDIO/2020 Clients/Rose Avenue/_search_engine/python_crawler/package/test_files/commitment.htm in 0.1269 seconds[39m
True
True
True
[32mCrawled /Users/admin/Desktop/Web-Developement/MOYER AUDIO/2020 Clients/Rose Avenue/_search_engine/python_crawler/package/test_files/Christ the Very Form of God.mp3 in 0.0180 seconds[39m
[33mCrawled 7 files from 1 directories.
Indexed 2523 words.
Purged 0 words[39m
[32mTotal time: 0.7882s[39m
*********************************** end file *********************************** 

